2015-03-26 20:00:41,136  WARN [Worker-3] - ScalaProject - Project hello-project has platform default sourceLevel.
2015-03-26 20:00:41,172  WARN [Worker-3] - ScalaProject - Project hello-project runs on platform default installation.
2015-03-26 20:02:28,132  WARN [Worker-3] - ScalaProject - Project hello-project has platform default sourceLevel.
2015-03-26 20:02:28,150  WARN [Worker-3] - ScalaProject - Project hello-project runs on platform default installation.
2015-03-26 20:02:54,093 ERROR [Text Viewer Hover Presenter] - IScalaPresentationCompiler$ - Ignoring InterruptException
2015-03-26 20:02:54,116 ERROR [Text Viewer Hover Presenter] - IScalaPresentationCompiler$ - Ignoring InterruptException
2015-03-26 20:04:04,936  WARN [Worker-10] - ScalaProject - Project hello-project has platform default sourceLevel.
2015-03-26 20:04:04,960  WARN [Worker-10] - ScalaProject - Project hello-project runs on platform default installation.
2015-03-26 20:04:39,944 ERROR [Worker-9] - System.err - SLF4J: Failed to load class "org.slf4j.impl.StaticLoggerBinder".
2015-03-26 20:04:39,944 ERROR [Worker-9] - System.err - SLF4J: Defaulting to no-operation (NOP) logger implementation
2015-03-26 20:04:39,944 ERROR [Worker-9] - System.err - SLF4J: See http://www.slf4j.org/codes.html#StaticLoggerBinder for further details.
2015-03-26 20:05:18,356  WARN [Worker-10] - ScalaProject - Project hello-project has platform default sourceLevel.
2015-03-26 20:05:18,357  WARN [Worker-10] - ScalaProject - Project hello-project runs on platform default installation.
2015-03-26 20:05:21,722  WARN [Worker-4] - ScalaProject - Project hello-project has platform default sourceLevel.
2015-03-26 20:05:21,723  WARN [Worker-4] - ScalaProject - Project hello-project runs on platform default installation.
2015-03-26 20:06:27,760  WARN [Worker-4] - ScalaProject - Project hello-project has platform default sourceLevel.
2015-03-26 20:06:27,760  WARN [Worker-4] - ScalaProject - Project hello-project runs on platform default installation.
2015-03-26 20:06:28,797  WARN [Worker-8] - ScalaProject - Project hello-project has platform default sourceLevel.
2015-03-26 20:06:28,797  WARN [Worker-8] - ScalaProject - Project hello-project runs on platform default installation.
2015-03-26 20:06:39,480  WARN [Worker-8] - ScalaProject - Project hello-project has platform default sourceLevel.
2015-03-26 20:06:39,480  WARN [Worker-8] - ScalaProject - Project hello-project runs on platform default installation.
2015-03-26 20:06:40,518  WARN [Worker-3] - ScalaProject - Project hello-project has platform default sourceLevel.
2015-03-26 20:06:40,518  WARN [Worker-3] - ScalaProject - Project hello-project runs on platform default installation.
2015-03-26 20:07:35,089  WARN [Worker-7] - ScalaProject - Project hello-project has platform default sourceLevel.
2015-03-26 20:07:35,090  WARN [Worker-7] - ScalaProject - Project hello-project runs on platform default installation.
2015-03-26 20:07:36,973  WARN [Worker-8] - ScalaProject - Project hello-project has platform default sourceLevel.
2015-03-26 20:07:36,974  WARN [Worker-8] - ScalaProject - Project hello-project runs on platform default installation.
2015-03-26 20:07:58,944  WARN [Worker-8] - ScalaProject - Project hello-project has platform default sourceLevel.
2015-03-26 20:07:58,944  WARN [Worker-8] - ScalaProject - Project hello-project runs on platform default installation.
2015-03-26 20:08:00,490  WARN [Worker-4] - ScalaProject - Project hello-project has platform default sourceLevel.
2015-03-26 20:08:00,491  WARN [Worker-4] - ScalaProject - Project hello-project runs on platform default installation.
2015-03-26 20:12:37,842  WARN [Worker-14] - ScalaProject - Project hello-project has platform default sourceLevel.
2015-03-26 20:12:37,861  WARN [Worker-14] - ScalaProject - Project hello-project runs on platform default installation.
2015-03-26 20:12:47,433  WARN [Worker-7] - ScalaProject - Project hello-project has platform default sourceLevel.
2015-03-26 20:12:47,434  WARN [Worker-7] - ScalaProject - Project hello-project runs on platform default installation.
2015-03-26 20:12:49,457  WARN [Worker-14] - ScalaProject - Project hello-project has platform default sourceLevel.
2015-03-26 20:12:49,457  WARN [Worker-14] - ScalaProject - Project hello-project runs on platform default installation.
2015-03-26 20:16:20,536  WARN [Worker-16] - ScalaProject - Project hello-project has platform default sourceLevel.
2015-03-26 20:16:20,559  WARN [Worker-16] - ScalaProject - Project hello-project runs on platform default installation.
2015-03-26 20:17:13,968  WARN [Worker-16] - ScalaProject - Project hello-project has platform default sourceLevel.
2015-03-26 20:17:13,968  WARN [Worker-16] - ScalaProject - Project hello-project runs on platform default installation.
2015-03-26 20:18:14,608  WARN [Worker-8] - ScalaProject - Project hello-project has platform default sourceLevel.
2015-03-26 20:18:14,608  WARN [Worker-8] - ScalaProject - Project hello-project runs on platform default installation.
2015-03-26 20:19:05,254  WARN [Worker-18] - ScalaProject - Project hello-project has platform default sourceLevel.
2015-03-26 20:19:05,254  WARN [Worker-18] - ScalaProject - Project hello-project runs on platform default installation.
2015-03-26 20:19:09,441 ERROR [main] - org.scala-ide.sdt.core - org.scala-ide.sdt.core - org.scala-ide.sdt.core - 0 - An error occurred while trying to create a file.
org.eclipse.core.internal.resources.ResourceException: Resource '/hello-project/src/greeter/sandboz.scala' already exists.
	at org.eclipse.core.internal.resources.Resource.checkDoesNotExist(Resource.java:320)
	at org.eclipse.core.internal.resources.Resource.checkDoesNotExist(Resource.java:307)
	at org.eclipse.core.internal.resources.File.create(File.java:112)
	at org.eclipse.core.internal.resources.File.create(File.java:188)
	at org.scalaide.util.eclipse.FileUtils$$anonfun$createFile$1.apply$mcV$sp(FileUtils.scala:150)
	at org.scalaide.util.eclipse.FileUtils$$anonfun$createFile$1.apply(FileUtils.scala:141)
	at org.scalaide.util.eclipse.FileUtils$$anonfun$createFile$1.apply(FileUtils.scala:141)
	at scala.util.Try$.apply(Try.scala:191)
	at org.scalaide.util.eclipse.FileUtils$.createFile(FileUtils.scala:141)
	at org.scalaide.ui.internal.wizards.NewFileWizard$$anonfun$okPressed$1.apply(NewFileWizard.scala:274)
	at org.scalaide.ui.internal.wizards.NewFileWizard$$anonfun$okPressed$1.apply(NewFileWizard.scala:273)
	at scala.Option.foreach(Option.scala:257)
	at org.scalaide.ui.internal.wizards.NewFileWizard$class.okPressed(NewFileWizard.scala:273)
	at org.scalaide.ui.internal.wizards.NewFileWizardAdapter$$anon$1.okPressed(NewFileWizardAdapter.scala:28)
	at org.scalaide.ui.internal.wizards.NewFileWizardAdapter.performFinish(NewFileWizardAdapter.scala:59)
	at org.eclipse.jface.wizard.WizardDialog.finishPressed(WizardDialog.java:853)
	at org.eclipse.jface.wizard.WizardDialog.buttonPressed(WizardDialog.java:438)
	at org.eclipse.jface.dialogs.Dialog$2.widgetSelected(Dialog.java:619)
	at org.eclipse.swt.widgets.TypedListener.handleEvent(TypedListener.java:248)
	at org.eclipse.swt.widgets.EventTable.sendEvent(EventTable.java:84)
	at org.eclipse.swt.widgets.Display.sendEvent(Display.java:4199)
	at org.eclipse.swt.widgets.Widget.sendEvent(Widget.java:1467)
	at org.eclipse.swt.widgets.Widget.sendEvent(Widget.java:1490)
	at org.eclipse.swt.widgets.Widget.sendEvent(Widget.java:1475)
	at org.eclipse.swt.widgets.Widget.notifyListeners(Widget.java:1279)
	at org.eclipse.swt.widgets.Display.runDeferredEvents(Display.java:4042)
	at org.eclipse.swt.widgets.Display.readAndDispatch(Display.java:3669)
	at org.eclipse.ui.internal.dialogs.EventLoopProgressMonitor.runEventLoop(EventLoopProgressMonitor.java:128)
	at org.eclipse.ui.internal.dialogs.EventLoopProgressMonitor.isCanceled(EventLoopProgressMonitor.java:102)
	at org.eclipse.core.internal.jobs.ThreadJob.isCanceled(ThreadJob.java:144)
	at org.eclipse.core.internal.jobs.ThreadJob.waitForRun(ThreadJob.java:233)
	at org.eclipse.core.internal.jobs.ThreadJob.joinRun(ThreadJob.java:197)
	at org.eclipse.core.internal.jobs.ImplicitJobs.begin(ImplicitJobs.java:92)
	at org.eclipse.core.internal.jobs.JobManager.beginRule(JobManager.java:290)
	at org.eclipse.core.internal.resources.WorkManager.checkIn(WorkManager.java:118)
	at org.eclipse.core.internal.resources.Workspace.prepareOperation(Workspace.java:2251)
	at org.eclipse.core.internal.resources.File.setContents(File.java:356)
	at org.eclipse.core.internal.resources.File.setContents(File.java:465)
	at org.scalaide.ui.internal.wizards.NewFileWizard$class.openFileInSrcDir$1(NewFileWizard.scala:354)
	at org.scalaide.ui.internal.wizards.NewFileWizard$class.org$scalaide$ui$internal$wizards$NewFileWizard$$openEditor(NewFileWizard.scala:365)
	at org.scalaide.ui.internal.wizards.NewFileWizard$$anonfun$okPressed$1.apply(NewFileWizard.scala:277)
	at org.scalaide.ui.internal.wizards.NewFileWizard$$anonfun$okPressed$1.apply(NewFileWizard.scala:273)
	at scala.Option.foreach(Option.scala:257)
	at org.scalaide.ui.internal.wizards.NewFileWizard$class.okPressed(NewFileWizard.scala:273)
	at org.scalaide.ui.internal.wizards.NewFileWizardAdapter$$anon$1.okPressed(NewFileWizardAdapter.scala:28)
	at org.scalaide.ui.internal.wizards.NewFileWizardAdapter.performFinish(NewFileWizardAdapter.scala:59)
	at org.eclipse.jface.wizard.WizardDialog.finishPressed(WizardDialog.java:853)
	at org.eclipse.jface.wizard.WizardDialog.buttonPressed(WizardDialog.java:438)
	at org.eclipse.jface.dialogs.Dialog$2.widgetSelected(Dialog.java:619)
	at org.eclipse.swt.widgets.TypedListener.handleEvent(TypedListener.java:248)
	at org.eclipse.swt.widgets.EventTable.sendEvent(EventTable.java:84)
	at org.eclipse.swt.widgets.Display.sendEvent(Display.java:4199)
	at org.eclipse.swt.widgets.Widget.sendEvent(Widget.java:1467)
	at org.eclipse.swt.widgets.Widget.sendEvent(Widget.java:1490)
	at org.eclipse.swt.widgets.Widget.sendEvent(Widget.java:1475)
	at org.eclipse.swt.widgets.Widget.notifyListeners(Widget.java:1279)
	at org.eclipse.swt.widgets.Display.runDeferredEvents(Display.java:4042)
	at org.eclipse.swt.widgets.Display.readAndDispatch(Display.java:3669)
	at org.eclipse.jface.window.Window.runEventLoop(Window.java:832)
	at org.eclipse.jface.window.Window.open(Window.java:808)
	at org.eclipse.ui.internal.actions.NewWizardShortcutAction.run(NewWizardShortcutAction.java:136)
	at org.eclipse.jface.action.Action.runWithEvent(Action.java:519)
	at org.eclipse.jface.action.ActionContributionItem.handleWidgetSelection(ActionContributionItem.java:595)
	at org.eclipse.jface.action.ActionContributionItem.access$2(ActionContributionItem.java:511)
	at org.eclipse.jface.action.ActionContributionItem$5.handleEvent(ActionContributionItem.java:420)
	at org.eclipse.swt.widgets.EventTable.sendEvent(EventTable.java:84)
	at org.eclipse.swt.widgets.Display.sendEvent(Display.java:4199)
	at org.eclipse.swt.widgets.Widget.sendEvent(Widget.java:1467)
	at org.eclipse.swt.widgets.Widget.sendEvent(Widget.java:1490)
	at org.eclipse.swt.widgets.Widget.sendEvent(Widget.java:1475)
	at org.eclipse.swt.widgets.Widget.notifyListeners(Widget.java:1279)
	at org.eclipse.swt.widgets.Display.runDeferredEvents(Display.java:4042)
	at org.eclipse.swt.widgets.Display.readAndDispatch(Display.java:3669)
	at org.eclipse.e4.ui.internal.workbench.swt.PartRenderingEngine$9.run(PartRenderingEngine.java:1151)
	at org.eclipse.core.databinding.observable.Realm.runWithDefault(Realm.java:332)
	at org.eclipse.e4.ui.internal.workbench.swt.PartRenderingEngine.run(PartRenderingEngine.java:1032)
	at org.eclipse.e4.ui.internal.workbench.E4Workbench.createAndRunUI(E4Workbench.java:148)
	at org.eclipse.ui.internal.Workbench$5.run(Workbench.java:636)
	at org.eclipse.core.databinding.observable.Realm.runWithDefault(Realm.java:332)
	at org.eclipse.ui.internal.Workbench.createAndRunWorkbench(Workbench.java:579)
	at org.eclipse.ui.PlatformUI.createAndRunWorkbench(PlatformUI.java:150)
	at org.eclipse.ui.internal.ide.application.IDEApplication.start(IDEApplication.java:135)
	at org.eclipse.equinox.internal.app.EclipseAppHandle.run(EclipseAppHandle.java:196)
	at org.eclipse.core.runtime.internal.adaptor.EclipseAppLauncher.runApplication(EclipseAppLauncher.java:134)
	at org.eclipse.core.runtime.internal.adaptor.EclipseAppLauncher.start(EclipseAppLauncher.java:104)
	at org.eclipse.core.runtime.adaptor.EclipseStarter.run(EclipseStarter.java:380)
	at org.eclipse.core.runtime.adaptor.EclipseStarter.run(EclipseStarter.java:235)
	at sun.reflect.NativeMethodAccessorImpl.invoke0(Native Method)
	at sun.reflect.NativeMethodAccessorImpl.invoke(NativeMethodAccessorImpl.java:62)
	at sun.reflect.DelegatingMethodAccessorImpl.invoke(DelegatingMethodAccessorImpl.java:43)
	at java.lang.reflect.Method.invoke(Method.java:497)
	at org.eclipse.equinox.launcher.Main.invokeFramework(Main.java:648)
	at org.eclipse.equinox.launcher.Main.basicRun(Main.java:603)
	at org.eclipse.equinox.launcher.Main.run(Main.java:1465)
2015-03-26 20:19:09,815  WARN [Worker-8] - ScalaProject - Project hello-project has platform default sourceLevel.
2015-03-26 20:19:09,815  WARN [Worker-8] - ScalaProject - Project hello-project runs on platform default installation.
2015-03-26 20:19:35,137  WARN [Worker-19] - ScalaProject - Project hello-project has platform default sourceLevel.
2015-03-26 20:19:35,137  WARN [Worker-19] - ScalaProject - Project hello-project runs on platform default installation.
2015-03-26 20:20:51,935 ERROR [Text Viewer Hover Presenter] - IScalaPresentationCompiler$ - Ignoring InterruptException
2015-03-26 20:20:51,936 ERROR [Text Viewer Hover Presenter] - IScalaPresentationCompiler$ - Ignoring InterruptException
2015-03-26 20:20:51,936 ERROR [Text Viewer Hover Presenter] - IScalaPresentationCompiler$ - Ignoring InterruptException
2015-03-26 20:21:37,523  WARN [Worker-18] - ScalaProject - Project hello-project has platform default sourceLevel.
2015-03-26 20:21:37,524  WARN [Worker-18] - ScalaProject - Project hello-project runs on platform default installation.
2015-03-26 20:22:01,906  WARN [Worker-14] - ScalaProject - Project hello-project has platform default sourceLevel.
2015-03-26 20:22:01,907  WARN [Worker-14] - ScalaProject - Project hello-project runs on platform default installation.
2015-03-26 20:23:45,152  WARN [Worker-8] - ScalaProject - Project hello-project has platform default sourceLevel.
2015-03-26 20:23:45,152  WARN [Worker-8] - ScalaProject - Project hello-project runs on platform default installation.
2015-03-26 20:25:20,927  WARN [Worker-16] - ScalaProject - Project hello-project has platform default sourceLevel.
2015-03-26 20:25:20,927  WARN [Worker-16] - ScalaProject - Project hello-project runs on platform default installation.
2015-03-26 20:25:52,302  WARN [Worker-19] - ScalaProject - Project hello-project has platform default sourceLevel.
2015-03-26 20:25:52,303  WARN [Worker-19] - ScalaProject - Project hello-project runs on platform default installation.
2015-03-26 20:26:32,842  WARN [Worker-18] - ScalaProject - Project hello-project has platform default sourceLevel.
2015-03-26 20:26:32,842  WARN [Worker-18] - ScalaProject - Project hello-project runs on platform default installation.
2015-03-26 20:26:48,826  WARN [Worker-8] - ScalaProject - Project hello-project has platform default sourceLevel.
2015-03-26 20:26:48,827  WARN [Worker-8] - ScalaProject - Project hello-project runs on platform default installation.
2015-03-26 20:27:05,806  WARN [Worker-14] - ScalaProject - Project hello-project has platform default sourceLevel.
2015-03-26 20:27:05,806  WARN [Worker-14] - ScalaProject - Project hello-project runs on platform default installation.
2015-03-26 20:27:17,893  WARN [Worker-18] - ScalaProject - Project hello-project has platform default sourceLevel.
2015-03-26 20:27:17,893  WARN [Worker-18] - ScalaProject - Project hello-project runs on platform default installation.
2015-03-26 20:29:19,901 ERROR [Text Viewer Hover Presenter] - IScalaPresentationCompiler$ - Ignoring InterruptException
2015-03-26 20:32:21,534  WARN [Worker-23] - ScalaProject - Project hello-project has platform default sourceLevel.
2015-03-26 20:32:21,534  WARN [Worker-23] - ScalaProject - Project hello-project runs on platform default installation.
2015-03-26 20:32:52,342  WARN [Worker-23] - ScalaProject - Project hello-project has platform default sourceLevel.
2015-03-26 20:32:52,342  WARN [Worker-23] - ScalaProject - Project hello-project runs on platform default installation.
2015-03-26 20:34:09,059  WARN [Worker-22] - ScalaProject - Project hello-project has platform default sourceLevel.
2015-03-26 20:34:09,060  WARN [Worker-22] - ScalaProject - Project hello-project runs on platform default installation.
2015-03-26 20:34:18,998 ERROR [Text Viewer Hover Presenter] - IScalaPresentationCompiler$ - Ignoring InterruptException
2015-03-26 20:34:20,258  WARN [Worker-25] - ScalaProject - Project hello-project has platform default sourceLevel.
2015-03-26 20:34:20,258  WARN [Worker-25] - ScalaProject - Project hello-project runs on platform default installation.
2015-03-26 20:34:34,129  WARN [Worker-23] - ScalaProject - Project hello-project has platform default sourceLevel.
2015-03-26 20:34:34,129  WARN [Worker-23] - ScalaProject - Project hello-project runs on platform default installation.
2015-03-26 20:34:55,947 ERROR [Text Viewer Hover Presenter] - IScalaPresentationCompiler$ - Ignoring InterruptException
2015-03-26 20:34:57,471  WARN [Worker-22] - ScalaProject - Project hello-project has platform default sourceLevel.
2015-03-26 20:34:57,471  WARN [Worker-22] - ScalaProject - Project hello-project runs on platform default installation.
2015-03-26 20:35:15,105  WARN [Worker-23] - ScalaProject - Project hello-project has platform default sourceLevel.
2015-03-26 20:35:15,109  WARN [Worker-23] - ScalaProject - Project hello-project runs on platform default installation.
2015-03-26 20:35:21,231  WARN [Worker-23] - ScalaProject - Project hello-project has platform default sourceLevel.
2015-03-26 20:35:21,231  WARN [Worker-23] - ScalaProject - Project hello-project runs on platform default installation.
